<?xml version="1.0" encoding="UTF-8"?>
<testsuite xmlns:xsi="http://www.w3.org/2001/XMLSchema-instance" xsi:noNamespaceSchemaLocation="https://maven.apache.org/surefire/maven-surefire-plugin/xsd/surefire-test-report.xsd" name="CucumberTest" time="30.47" tests="2" errors="0" skipped="0" failures="1">
  <properties>
[...]
</properties>
  <testcase name="client sign up successfully" classname="Client sign up" time="25.256"/>
  <testcase name="client sign up failed" classname="Client sign up" time="0.994">
    <failure message="expected:&lt;[fals]e&gt; but was:&lt;[tru]e&gt;" type="org.junit.ComparisonFailure"><![CDATA[org.junit.ComparisonFailure: expected:<[fals]e> but was:<[tru]e>
]]></failure>
    <system-out><![CDATA[17:46:34.329 [main] DEBUG org.springframework.test.context.BootstrapUtils - Instantiating CacheAwareContextLoaderDelegate from class [org.springframework.test.context.cache.DefaultCacheAwareContextLoaderDelegate]
17:46:34.329 [main] DEBUG org.springframework.test.context.BootstrapUtils - Instantiating BootstrapContext using constructor [public org.springframework.test.context.support.DefaultBootstrapContext(java.lang.Class,org.springframework.test.context.CacheAwareContextLoaderDelegate)]
17:46:34.329 [main] DEBUG org.springframework.test.context.BootstrapUtils - Instantiating TestContextBootstrapper for test class [com.fva.app.stepdefinitions.SignUpStepDefs] from class [org.springframework.test.context.support.DefaultTestContextBootstrapper]
17:46:34.330 [main] DEBUG org.springframework.test.context.support.AbstractDelegatingSmartContextLoader - Delegating to AnnotationConfigContextLoader to process context configuration [ContextConfigurationAttributes@4f4365 declaringClass = 'com.fva.app.stepdefinitions.SignUpStepDefs', classes = '{class com.fva.app.conf.DriverConfig}', locations = '{}', inheritLocations = true, initializers = '{}', inheritInitializers = true, name = [null], contextLoaderClass = 'org.springframework.test.context.ContextLoader'].
17:46:34.335 [main] DEBUG org.springframework.test.context.support.ActiveProfilesUtils - Could not find an 'annotation declaring class' for annotation type [org.springframework.test.context.ActiveProfiles] and class [com.fva.app.stepdefinitions.SignUpStepDefs]
17:46:34.336 [main] DEBUG org.springframework.test.context.support.DefaultTestContextBootstrapper - @TestExecutionListeners is not present for class [com.fva.app.stepdefinitions.SignUpStepDefs]: using defaults.
17:46:34.336 [main] INFO org.springframework.test.context.support.DefaultTestContextBootstrapper - Loaded default TestExecutionListener class names from location [META-INF/spring.factories]: [org.springframework.boot.test.mock.mockito.MockitoTestExecutionListener, org.springframework.boot.test.mock.mockito.ResetMocksTestExecutionListener, org.springframework.boot.test.autoconfigure.restdocs.RestDocsTestExecutionListener, org.springframework.boot.test.autoconfigure.web.client.MockRestServiceServerResetTestExecutionListener, org.springframework.boot.test.autoconfigure.web.servlet.MockMvcPrintOnlyOnFailureTestExecutionListener, org.springframework.boot.test.autoconfigure.web.servlet.WebDriverTestExecutionListener, org.springframework.test.context.web.ServletTestExecutionListener, org.springframework.test.context.support.DirtiesContextBeforeModesTestExecutionListener, org.springframework.test.context.support.DependencyInjectionTestExecutionListener, org.springframework.test.context.support.DirtiesContextTestExecutionListener, org.springframework.test.context.transaction.TransactionalTestExecutionListener, org.springframework.test.context.jdbc.SqlScriptsTestExecutionListener]
17:46:34.337 [main] DEBUG org.springframework.test.context.support.DefaultTestContextBootstrapper - Skipping candidate TestExecutionListener [org.springframework.test.context.web.ServletTestExecutionListener] due to a missing dependency. Specify custom listener classes or make the default listener classes and their required dependencies available. Offending class: [javax/servlet/ServletContext]
17:46:34.337 [main] INFO org.springframework.test.context.support.DefaultTestContextBootstrapper - Using TestExecutionListeners: [org.springframework.test.context.support.DirtiesContextBeforeModesTestExecutionListener@5b769b, org.springframework.boot.test.mock.mockito.MockitoTestExecutionListener@14c0e4e, org.springframework.test.context.support.DependencyInjectionTestExecutionListener@361cfc, org.springframework.test.context.support.DirtiesContextTestExecutionListener@e20e6b, org.springframework.test.context.transaction.TransactionalTestExecutionListener@1ac59c2, org.springframework.test.context.jdbc.SqlScriptsTestExecutionListener@7d1b47, org.springframework.boot.test.mock.mockito.ResetMocksTestExecutionListener@b82908, org.springframework.boot.test.autoconfigure.restdocs.RestDocsTestExecutionListener@8df3e2, org.springframework.boot.test.autoconfigure.web.client.MockRestServiceServerResetTestExecutionListener@198d138, org.springframework.boot.test.autoconfigure.web.servlet.MockMvcPrintOnlyOnFailureTestExecutionListener@12d52ef, org.springframework.boot.test.autoconfigure.web.servlet.WebDriverTestExecutionListener@f2ce6b]
17:46:34.338 [main] DEBUG org.springframework.test.context.cache.DefaultCacheAwareContextLoaderDelegate - Retrieved ApplicationContext from cache with key [[MergedContextConfiguration@1c53f74 testClass = SignUpStepDefs, locations = '{}', classes = '{class com.fva.app.conf.DriverConfig}', contextInitializerClasses = '[]', activeProfiles = '{}', propertySourceLocations = '{}', propertySourceProperties = '{}', contextCustomizers = set[org.springframework.boot.test.context.filter.ExcludeFilterContextCustomizer@24a83d, org.springframework.boot.test.json.DuplicateJsonObjectContextCustomizerFactory$DuplicateJsonObjectContextCustomizer@df8434, org.springframework.boot.test.mock.mockito.MockitoContextCustomizer@0, org.springframework.boot.test.autoconfigure.properties.PropertyMappingContextCustomizer@0, org.springframework.boot.test.autoconfigure.web.servlet.WebDriverContextCustomizerFactory$Customizer@e4deb0], contextLoader = 'org.springframework.test.context.support.DelegatingSmartContextLoader', parent = [null]]]
17:46:34.338 [main] DEBUG org.springframework.test.context.cache - Spring test ApplicationContext cache statistics: [DefaultContextCache@78537d size = 1, maxSize = 32, parentContextCount = 0, hitCount = 1, missCount = 1]
17:46:34.338 [main] DEBUG org.springframework.beans.factory.support.DefaultListableBeanFactory - Replacing scope 'cucumber-glue' from [io.cucumber.spring.GlueCodeScope@2f3be5] to [io.cucumber.spring.GlueCodeScope@1d0b0e5]
17:46:34.338 [main] DEBUG org.springframework.test.context.support.AbstractDirtiesContextTestExecutionListener - Before test class: context [DefaultTestContext@1c7b462 testClass = SignUpStepDefs, testInstance = [null], testMethod = [null], testException = [null], mergedContextConfiguration = [MergedContextConfiguration@1c53f74 testClass = SignUpStepDefs, locations = '{}', classes = '{class com.fva.app.conf.DriverConfig}', contextInitializerClasses = '[]', activeProfiles = '{}', propertySourceLocations = '{}', propertySourceProperties = '{}', contextCustomizers = set[org.springframework.boot.test.context.filter.ExcludeFilterContextCustomizer@24a83d, org.springframework.boot.test.json.DuplicateJsonObjectContextCustomizerFactory$DuplicateJsonObjectContextCustomizer@df8434, org.springframework.boot.test.mock.mockito.MockitoContextCustomizer@0, org.springframework.boot.test.autoconfigure.properties.PropertyMappingContextCustomizer@0, org.springframework.boot.test.autoconfigure.web.servlet.WebDriverContextCustomizerFactory$Customizer@e4deb0], contextLoader = 'org.springframework.test.context.support.DelegatingSmartContextLoader', parent = [null]], attributes = map[[empty]]], class annotated with @DirtiesContext [false] with mode [null].

Scenario: client sign up failed                           &amp#27;[90m# src/test/resources/features/signup.feature:9&amp#27;[0m
17:46:34.344 [Forwarding get on session 5ab54df6-e88c-438b-8721-27c5de7d1b0d to remote] DEBUG org.asynchttpclient.netty.request.NettyRequestSender - Using pooled Channel '[id: 0xece733a5, L:/127.0.0.1:30071 - R:localhost/127.0.0.1:2679]' for 'POST' to 'http://localhost:2679/session/5ab54df6-e88c-438b-8721-27c5de7d1b0d/url'
17:46:34.345 [Forwarding get on session 5ab54df6-e88c-438b-8721-27c5de7d1b0d to remote] DEBUG org.asynchttpclient.netty.request.NettyRequestSender - Using open Channel [id: 0xece733a5, L:/127.0.0.1:30071 - R:localhost/127.0.0.1:2679] for POST '/session/5ab54df6-e88c-438b-8721-27c5de7d1b0d/url'
17:46:35.054 [AsyncHttpClient-3-1] DEBUG org.asynchttpclient.netty.handler.HttpHandler - 

Request DefaultHttpRequest(decodeResult: success, version: HTTP/1.1)
POST /session/5ab54df6-e88c-438b-8721-27c5de7d1b0d/url HTTP/1.1
User-Agent: selenium/4.0.0-alpha-4 (java windows)
Content-Length: 96
Content-Type: application/json; charset=utf-8
host: localhost:2679
accept: */*

Response DefaultHttpResponse(decodeResult: success, version: HTTP/1.1)
HTTP/1.1 200 OK
content-type: application/json; charset=utf-8
cache-control: no-cache
content-length: 14
date: Mon, 15 Aug 2022 21:46:34 GMT

17:46:35.055 [AsyncHttpClient-3-1] DEBUG org.asynchttpclient.netty.channel.ChannelManager - Adding key: http://localhost:2679 for channel [id: 0xece733a5, L:/127.0.0.1:30071 - R:localhost/127.0.0.1:2679]
  &amp#27;[32mGiven &amp#27;[0m&amp#27;[32mPepito wants to have an account&amp#27;[0m                   &amp#27;[90m# com.fva.app.stepdefinitions.SignUpStepDefs.pepito_wants_to_have_an_account()&amp#27;[0m
17:46:35.057 [Forwarding findElement on session 5ab54df6-e88c-438b-8721-27c5de7d1b0d to remote] DEBUG org.asynchttpclient.netty.request.NettyRequestSender - Using pooled Channel '[id: 0xece733a5, L:/127.0.0.1:30071 - R:localhost/127.0.0.1:2679]' for 'POST' to 'http://localhost:2679/session/5ab54df6-e88c-438b-8721-27c5de7d1b0d/element'
17:46:35.057 [Forwarding findElement on session 5ab54df6-e88c-438b-8721-27c5de7d1b0d to remote] DEBUG org.asynchttpclient.netty.request.NettyRequestSender - Using open Channel [id: 0xece733a5, L:/127.0.0.1:30071 - R:localhost/127.0.0.1:2679] for POST '/session/5ab54df6-e88c-438b-8721-27c5de7d1b0d/element'
17:46:35.063 [AsyncHttpClient-3-1] DEBUG org.asynchttpclient.netty.handler.HttpHandler - 

Request DefaultHttpRequest(decodeResult: success, version: HTTP/1.1)
POST /session/5ab54df6-e88c-438b-8721-27c5de7d1b0d/element HTTP/1.1
User-Agent: selenium/4.0.0-alpha-4 (java windows)
Content-Length: 74
Content-Type: application/json; charset=utf-8
host: localhost:2679
accept: */*

Response DefaultHttpResponse(decodeResult: success, version: HTTP/1.1)
HTTP/1.1 200 OK
content-type: application/json; charset=utf-8
cache-control: no-cache
content-length: 88
date: Mon, 15 Aug 2022 21:46:35 GMT

17:46:35.064 [AsyncHttpClient-3-1] DEBUG org.asynchttpclient.netty.channel.ChannelManager - Adding key: http://localhost:2679 for channel [id: 0xece733a5, L:/127.0.0.1:30071 - R:localhost/127.0.0.1:2679]
17:46:35.066 [Forwarding sendKeysToElement on session 5ab54df6-e88c-438b-8721-27c5de7d1b0d to remote] DEBUG org.asynchttpclient.netty.request.NettyRequestSender - Using pooled Channel '[id: 0xece733a5, L:/127.0.0.1:30071 - R:localhost/127.0.0.1:2679]' for 'POST' to 'http://localhost:2679/session/5ab54df6-e88c-438b-8721-27c5de7d1b0d/element/ff2b7ca0-edd5-4e72-b3a9-e4d41ef972cd/value'
17:46:35.066 [Forwarding sendKeysToElement on session 5ab54df6-e88c-438b-8721-27c5de7d1b0d to remote] DEBUG org.asynchttpclient.netty.request.NettyRequestSender - Using open Channel [id: 0xece733a5, L:/127.0.0.1:30071 - R:localhost/127.0.0.1:2679] for POST '/session/5ab54df6-e88c-438b-8721-27c5de7d1b0d/element/ff2b7ca0-edd5-4e72-b3a9-e4d41ef972cd/value'
17:46:35.089 [AsyncHttpClient-3-1] DEBUG org.asynchttpclient.netty.handler.HttpHandler - 

Request DefaultHttpRequest(decodeResult: success, version: HTTP/1.1)
POST /session/5ab54df6-e88c-438b-8721-27c5de7d1b0d/element/ff2b7ca0-edd5-4e72-b3a9-e4d41ef972cd/value HTTP/1.1
User-Agent: selenium/4.0.0-alpha-4 (java windows)
Content-Length: 151
Content-Type: application/json; charset=utf-8
host: localhost:2679
accept: */*

Response DefaultHttpResponse(decodeResult: success, version: HTTP/1.1)
HTTP/1.1 200 OK
content-type: application/json; charset=utf-8
cache-control: no-cache
content-length: 14
date: Mon, 15 Aug 2022 21:46:35 GMT

17:46:35.090 [AsyncHttpClient-3-1] DEBUG org.asynchttpclient.netty.channel.ChannelManager - Adding key: http://localhost:2679 for channel [id: 0xece733a5, L:/127.0.0.1:30071 - R:localhost/127.0.0.1:2679]
17:46:35.093 [Forwarding findElement on session 5ab54df6-e88c-438b-8721-27c5de7d1b0d to remote] DEBUG org.asynchttpclient.netty.request.NettyRequestSender - Using pooled Channel '[id: 0xece733a5, L:/127.0.0.1:30071 - R:localhost/127.0.0.1:2679]' for 'POST' to 'http://localhost:2679/session/5ab54df6-e88c-438b-8721-27c5de7d1b0d/element'
17:46:35.093 [Forwarding findElement on session 5ab54df6-e88c-438b-8721-27c5de7d1b0d to remote] DEBUG org.asynchttpclient.netty.request.NettyRequestSender - Using open Channel [id: 0xece733a5, L:/127.0.0.1:30071 - R:localhost/127.0.0.1:2679] for POST '/session/5ab54df6-e88c-438b-8721-27c5de7d1b0d/element'
17:46:35.098 [AsyncHttpClient-3-1] DEBUG org.asynchttpclient.netty.handler.HttpHandler - 

Request DefaultHttpRequest(decodeResult: success, version: HTTP/1.1)
POST /session/5ab54df6-e88c-438b-8721-27c5de7d1b0d/element HTTP/1.1
User-Agent: selenium/4.0.0-alpha-4 (java windows)
Content-Length: 73
Content-Type: application/json; charset=utf-8
host: localhost:2679
accept: */*

Response DefaultHttpResponse(decodeResult: success, version: HTTP/1.1)
HTTP/1.1 200 OK
content-type: application/json; charset=utf-8
cache-control: no-cache
content-length: 88
date: Mon, 15 Aug 2022 21:46:35 GMT

17:46:35.099 [AsyncHttpClient-3-1] DEBUG org.asynchttpclient.netty.channel.ChannelManager - Adding key: http://localhost:2679 for channel [id: 0xece733a5, L:/127.0.0.1:30071 - R:localhost/127.0.0.1:2679]
17:46:35.103 [Forwarding sendKeysToElement on session 5ab54df6-e88c-438b-8721-27c5de7d1b0d to remote] DEBUG org.asynchttpclient.netty.request.NettyRequestSender - Using pooled Channel '[id: 0xece733a5, L:/127.0.0.1:30071 - R:localhost/127.0.0.1:2679]' for 'POST' to 'http://localhost:2679/session/5ab54df6-e88c-438b-8721-27c5de7d1b0d/element/181d81fb-d5cd-4ee5-865d-3876efebf65e/value'
17:46:35.103 [Forwarding sendKeysToElement on session 5ab54df6-e88c-438b-8721-27c5de7d1b0d to remote] DEBUG org.asynchttpclient.netty.request.NettyRequestSender - Using open Channel [id: 0xece733a5, L:/127.0.0.1:30071 - R:localhost/127.0.0.1:2679] for POST '/session/5ab54df6-e88c-438b-8721-27c5de7d1b0d/element/181d81fb-d5cd-4ee5-865d-3876efebf65e/value'
17:46:35.120 [AsyncHttpClient-3-1] DEBUG org.asynchttpclient.netty.handler.HttpHandler - 

Request DefaultHttpRequest(decodeResult: success, version: HTTP/1.1)
POST /session/5ab54df6-e88c-438b-8721-27c5de7d1b0d/element/181d81fb-d5cd-4ee5-865d-3876efebf65e/value HTTP/1.1
User-Agent: selenium/4.0.0-alpha-4 (java windows)
Content-Length: 151
Content-Type: application/json; charset=utf-8
host: localhost:2679
accept: */*

Response DefaultHttpResponse(decodeResult: success, version: HTTP/1.1)
HTTP/1.1 200 OK
content-type: application/json; charset=utf-8
cache-control: no-cache
content-length: 14
date: Mon, 15 Aug 2022 21:46:35 GMT

17:46:35.120 [AsyncHttpClient-3-1] DEBUG org.asynchttpclient.netty.channel.ChannelManager - Adding key: http://localhost:2679 for channel [id: 0xece733a5, L:/127.0.0.1:30071 - R:localhost/127.0.0.1:2679]
17:46:35.122 [Forwarding findElement on session 5ab54df6-e88c-438b-8721-27c5de7d1b0d to remote] DEBUG org.asynchttpclient.netty.request.NettyRequestSender - Using pooled Channel '[id: 0xece733a5, L:/127.0.0.1:30071 - R:localhost/127.0.0.1:2679]' for 'POST' to 'http://localhost:2679/session/5ab54df6-e88c-438b-8721-27c5de7d1b0d/element'
17:46:35.122 [Forwarding findElement on session 5ab54df6-e88c-438b-8721-27c5de7d1b0d to remote] DEBUG org.asynchttpclient.netty.request.NettyRequestSender - Using open Channel [id: 0xece733a5, L:/127.0.0.1:30071 - R:localhost/127.0.0.1:2679] for POST '/session/5ab54df6-e88c-438b-8721-27c5de7d1b0d/element'
17:46:35.127 [AsyncHttpClient-3-1] DEBUG org.asynchttpclient.netty.handler.HttpHandler - 

Request DefaultHttpRequest(decodeResult: success, version: HTTP/1.1)
POST /session/5ab54df6-e88c-438b-8721-27c5de7d1b0d/element HTTP/1.1
User-Agent: selenium/4.0.0-alpha-4 (java windows)
Content-Length: 69
Content-Type: application/json; charset=utf-8
host: localhost:2679
accept: */*

Response DefaultHttpResponse(decodeResult: success, version: HTTP/1.1)
HTTP/1.1 200 OK
content-type: application/json; charset=utf-8
cache-control: no-cache
content-length: 88
date: Mon, 15 Aug 2022 21:46:35 GMT

17:46:35.128 [AsyncHttpClient-3-1] DEBUG org.asynchttpclient.netty.channel.ChannelManager - Adding key: http://localhost:2679 for channel [id: 0xece733a5, L:/127.0.0.1:30071 - R:localhost/127.0.0.1:2679]
17:46:35.130 [Forwarding sendKeysToElement on session 5ab54df6-e88c-438b-8721-27c5de7d1b0d to remote] DEBUG org.asynchttpclient.netty.request.NettyRequestSender - Using pooled Channel '[id: 0xece733a5, L:/127.0.0.1:30071 - R:localhost/127.0.0.1:2679]' for 'POST' to 'http://localhost:2679/session/5ab54df6-e88c-438b-8721-27c5de7d1b0d/element/11f99350-e9ee-4285-bc59-b25ca6cf1169/value'
17:46:35.130 [Forwarding sendKeysToElement on session 5ab54df6-e88c-438b-8721-27c5de7d1b0d to remote] DEBUG org.asynchttpclient.netty.request.NettyRequestSender - Using open Channel [id: 0xece733a5, L:/127.0.0.1:30071 - R:localhost/127.0.0.1:2679] for POST '/session/5ab54df6-e88c-438b-8721-27c5de7d1b0d/element/11f99350-e9ee-4285-bc59-b25ca6cf1169/value'
17:46:35.141 [AsyncHttpClient-3-1] DEBUG org.asynchttpclient.netty.handler.HttpHandler - 

Request DefaultHttpRequest(decodeResult: success, version: HTTP/1.1)
POST /session/5ab54df6-e88c-438b-8721-27c5de7d1b0d/element/11f99350-e9ee-4285-bc59-b25ca6cf1169/value HTTP/1.1
User-Agent: selenium/4.0.0-alpha-4 (java windows)
Content-Length: 82
Content-Type: application/json; charset=utf-8
host: localhost:2679
accept: */*

Response DefaultHttpResponse(decodeResult: success, version: HTTP/1.1)
HTTP/1.1 200 OK
content-type: application/json; charset=utf-8
cache-control: no-cache
content-length: 14
date: Mon, 15 Aug 2022 21:46:35 GMT

17:46:35.142 [AsyncHttpClient-3-1] DEBUG org.asynchttpclient.netty.channel.ChannelManager - Adding key: http://localhost:2679 for channel [id: 0xece733a5, L:/127.0.0.1:30071 - R:localhost/127.0.0.1:2679]
17:46:35.144 [Forwarding findElement on session 5ab54df6-e88c-438b-8721-27c5de7d1b0d to remote] DEBUG org.asynchttpclient.netty.request.NettyRequestSender - Using pooled Channel '[id: 0xece733a5, L:/127.0.0.1:30071 - R:localhost/127.0.0.1:2679]' for 'POST' to 'http://localhost:2679/session/5ab54df6-e88c-438b-8721-27c5de7d1b0d/element'
17:46:35.144 [Forwarding findElement on session 5ab54df6-e88c-438b-8721-27c5de7d1b0d to remote] DEBUG org.asynchttpclient.netty.request.NettyRequestSender - Using open Channel [id: 0xece733a5, L:/127.0.0.1:30071 - R:localhost/127.0.0.1:2679] for POST '/session/5ab54df6-e88c-438b-8721-27c5de7d1b0d/element'
17:46:35.149 [AsyncHttpClient-3-1] DEBUG org.asynchttpclient.netty.handler.HttpHandler - 

Request DefaultHttpRequest(decodeResult: success, version: HTTP/1.1)
POST /session/5ab54df6-e88c-438b-8721-27c5de7d1b0d/element HTTP/1.1
User-Agent: selenium/4.0.0-alpha-4 (java windows)
Content-Length: 74
Content-Type: application/json; charset=utf-8
host: localhost:2679
accept: */*

Response DefaultHttpResponse(decodeResult: success, version: HTTP/1.1)
HTTP/1.1 200 OK
content-type: application/json; charset=utf-8
cache-control: no-cache
content-length: 88
date: Mon, 15 Aug 2022 21:46:35 GMT

17:46:35.149 [AsyncHttpClient-3-1] DEBUG org.asynchttpclient.netty.channel.ChannelManager - Adding key: http://localhost:2679 for channel [id: 0xece733a5, L:/127.0.0.1:30071 - R:localhost/127.0.0.1:2679]
17:46:35.153 [Forwarding sendKeysToElement on session 5ab54df6-e88c-438b-8721-27c5de7d1b0d to remote] DEBUG org.asynchttpclient.netty.request.NettyRequestSender - Using pooled Channel '[id: 0xece733a5, L:/127.0.0.1:30071 - R:localhost/127.0.0.1:2679]' for 'POST' to 'http://localhost:2679/session/5ab54df6-e88c-438b-8721-27c5de7d1b0d/element/c84a2254-9573-41a8-a50e-ba2c45f1adf9/value'
17:46:35.154 [Forwarding sendKeysToElement on session 5ab54df6-e88c-438b-8721-27c5de7d1b0d to remote] DEBUG org.asynchttpclient.netty.request.NettyRequestSender - Using open Channel [id: 0xece733a5, L:/127.0.0.1:30071 - R:localhost/127.0.0.1:2679] for POST '/session/5ab54df6-e88c-438b-8721-27c5de7d1b0d/element/c84a2254-9573-41a8-a50e-ba2c45f1adf9/value'
17:46:35.173 [AsyncHttpClient-3-1] DEBUG org.asynchttpclient.netty.handler.HttpHandler - 

Request DefaultHttpRequest(decodeResult: success, version: HTTP/1.1)
POST /session/5ab54df6-e88c-438b-8721-27c5de7d1b0d/element/c84a2254-9573-41a8-a50e-ba2c45f1adf9/value HTTP/1.1
User-Agent: selenium/4.0.0-alpha-4 (java windows)
Content-Length: 221
Content-Type: application/json; charset=utf-8
host: localhost:2679
accept: */*

Response DefaultHttpResponse(decodeResult: success, version: HTTP/1.1)
HTTP/1.1 200 OK
content-type: application/json; charset=utf-8
cache-control: no-cache
content-length: 14
date: Mon, 15 Aug 2022 21:46:35 GMT

17:46:35.173 [AsyncHttpClient-3-1] DEBUG org.asynchttpclient.netty.channel.ChannelManager - Adding key: http://localhost:2679 for channel [id: 0xece733a5, L:/127.0.0.1:30071 - R:localhost/127.0.0.1:2679]
  &amp#27;[32mWhen &amp#27;[0m&amp#27;[32mhe sends required information to get the account&amp#27;[0m   &amp#27;[90m# com.fva.app.stepdefinitions.SignUpStepDefs.he_sends_required_information_to_get_the_account()&amp#27;[0m
  &amp#27;[31mThen &amp#27;[0m&amp#27;[31mhe should be told that the account was not created&amp#27;[0m &amp#27;[90m# com.fva.app.stepdefinitions.SignUpStepDefs.he_should_be_told_that_the_account_was_not_created()&amp#27;[0m
      &amp#27;[31morg.junit.ComparisonFailure: expected:<[fals]e> but was:<[tru]e>
	at sun.reflect.NativeConstructorAccessorImpl.newInstance0(Native Method)
	at sun.reflect.NativeConstructorAccessorImpl.newInstance(NativeConstructorAccessorImpl.java:62)
	at sun.reflect.DelegatingConstructorAccessorImpl.newInstance(DelegatingConstructorAccessorImpl.java:45)
	at com.fva.app.stepdefinitions.SignUpStepDefs.he_should_be_told_that_the_account_was_not_created(SignUpStepDefs.java:48)
	at ?.he should be told that the account was not created(file:///C:/cursocucumberFVA/seleniumTestFVA/src/test/resources/features/signup.feature:12)
&amp#27;[0m
17:46:35.210 [Forwarding screenshot on session 5ab54df6-e88c-438b-8721-27c5de7d1b0d to remote] DEBUG org.asynchttpclient.netty.request.NettyRequestSender - Using pooled Channel '[id: 0xece733a5, L:/127.0.0.1:30071 - R:localhost/127.0.0.1:2679]' for 'GET' to 'http://localhost:2679/session/5ab54df6-e88c-438b-8721-27c5de7d1b0d/screenshot'
17:46:35.210 [Forwarding screenshot on session 5ab54df6-e88c-438b-8721-27c5de7d1b0d to remote] DEBUG org.asynchttpclient.netty.request.NettyRequestSender - Using open Channel [id: 0xece733a5, L:/127.0.0.1:30071 - R:localhost/127.0.0.1:2679] for GET '/session/5ab54df6-e88c-438b-8721-27c5de7d1b0d/screenshot'
17:46:35.287 [AsyncHttpClient-3-1] DEBUG org.asynchttpclient.netty.handler.HttpHandler - 

Request DefaultFullHttpRequest(decodeResult: success, version: HTTP/1.1, content: EmptyByteBufBE)
GET /session/5ab54df6-e88c-438b-8721-27c5de7d1b0d/screenshot HTTP/1.1
User-Agent: selenium/4.0.0-alpha-4 (java windows)
Cache-Control: no-cache
host: localhost:2679
accept: */*

Response DefaultHttpResponse(decodeResult: success, version: HTTP/1.1)
HTTP/1.1 200 OK
content-type: application/json; charset=utf-8
cache-control: no-cache
content-length: 67264
date: Mon, 15 Aug 2022 21:46:35 GMT

17:46:35.289 [AsyncHttpClient-3-1] DEBUG org.asynchttpclient.netty.channel.ChannelManager - Adding key: http://localhost:2679 for channel [id: 0xece733a5, L:/127.0.0.1:30071 - R:localhost/127.0.0.1:2679]

    Embedding 72fa32a4-fbd9-4a50-8fd6-d91b87709058 [image/png 50438 bytes]

]]></system-out>
  </testcase>
</testsuite>